# JRE version: OpenJDK Runtime Environment (8.0_152-b06) (build 1.8.0_152-release-1136-b06)
# Java VM: OpenJDK 64-Bit Server VM (25.152-b06 mixed mode windows-amd64 compressed oops)
Heap:
 PSYoungGen      total 295424K, used 197033K [0x00000000eab00000, 0x0000000100000000, 0x0000000100000000)
  eden space 240640K, 81% used [0x00000000eab00000,0x00000000f6b526e8,0x00000000f9600000)
  from space 54784K, 0% used [0x00000000fca80000,0x00000000fca98000,0x0000000100000000)
  to   space 53760K, 0% used [0x00000000f9600000,0x00000000f9600000,0x00000000fca80000)
 ParOldGen       total 199168K, used 108919K [0x00000000c0000000, 0x00000000cc280000, 0x00000000eab00000)
  object space 199168K, 54% used [0x00000000c0000000,0x00000000c6a5de90,0x00000000cc280000)
 Metaspace       used 92877K, capacity 97707K, committed 98392K, reserved 1134592K
  class space    used 11441K, capacity 12412K, committed 12672K, reserved 1048576K
GC Heap History (10 events):
Event: 7653.039 GC heap before
{Heap before GC invocations=43 (full 5):
 PSYoungGen      total 285696K, used 237167K [0x00000000eab00000, 0x00000000ff880000, 0x0000000100000000)
  eden space 228864K, 99% used [0x00000000eab00000,0x00000000f8a5fc68,0x00000000f8a80000)
  from space 56832K, 14% used [0x00000000f8a80000,0x00000000f92bc2e8,0x00000000fc200000)
  to   space 54784K, 0% used [0x00000000fc300000,0x00000000fc300000,0x00000000ff880000)
 ParOldGen       total 199168K, used 79341K [0x00000000c0000000, 0x00000000cc280000, 0x00000000eab00000)
  object space 199168K, 39% used [0x00000000c0000000,0x00000000c4d7b688,0x00000000cc280000)
 Metaspace       used 92603K, capacity 97339K, committed 98136K, reserved 1134592K
  class space    used 11403K, capacity 12354K, committed 12672K, reserved 1048576K
Event: 7653.139 GC heap after
Heap after GC invocations=43 (full 5):
 PSYoungGen      total 289280K, used 6810K [0x00000000eab00000, 0x00000000ff900000, 0x0000000100000000)
  eden space 234496K, 0% used [0x00000000eab00000,0x00000000eab00000,0x00000000f9000000)
  from space 54784K, 12% used [0x00000000fc300000,0x00000000fc9a6820,0x00000000ff880000)
  to   space 52224K, 0% used [0x00000000f9000000,0x00000000f9000000,0x00000000fc300000)
 ParOldGen       total 199168K, used 86436K [0x00000000c0000000, 0x00000000cc280000, 0x00000000eab00000)
  object space 199168K, 43% used [0x00000000c0000000,0x00000000c5469230,0x00000000cc280000)
 Metaspace       used 92603K, capacity 97339K, committed 98136K, reserved 1134592K
  class space    used 11403K, capacity 12354K, committed 12672K, reserved 1048576K
}
Event: 7654.740 GC heap before
{Heap before GC invocations=44 (full 5):
 PSYoungGen      total 289280K, used 241306K [0x00000000eab00000, 0x00000000ff900000, 0x0000000100000000)
  eden space 234496K, 100% used [0x00000000eab00000,0x00000000f9000000,0x00000000f9000000)
  from space 54784K, 12% used [0x00000000fc300000,0x00000000fc9a6820,0x00000000ff880000)
  to   space 52224K, 0% used [0x00000000f9000000,0x00000000f9000000,0x00000000fc300000)
 ParOldGen       total 199168K, used 86436K [0x00000000c0000000, 0x00000000cc280000, 0x00000000eab00000)
  object space 199168K, 43% used [0x00000000c0000000,0x00000000c5469230,0x00000000cc280000)
 Metaspace       used 92621K, capacity 97347K, committed 98136K, reserved 1134592K
  class space    used 11403K, capacity 12354K, committed 12672K, reserved 1048576K
Event: 7654.756 GC heap after
Heap after GC invocations=44 (full 5):
 PSYoungGen      total 286720K, used 20080K [0x00000000eab00000, 0x00000000ffa80000, 0x0000000100000000)
  eden space 234496K, 0% used [0x00000000eab00000,0x00000000eab00000,0x00000000f9000000)
  from space 52224K, 38% used [0x00000000f9000000,0x00000000fa39c0a0,0x00000000fc300000)
  to   space 50688K, 0% used [0x00000000fc900000,0x00000000fc900000,0x00000000ffa80000)
 ParOldGen       total 199168K, used 88141K [0x00000000c0000000, 0x00000000cc280000, 0x00000000eab00000)
  object space 199168K, 44% used [0x00000000c0000000,0x00000000c5613530,0x00000000cc280000)
 Metaspace       used 92621K, capacity 97347K, committed 98136K, reserved 1134592K
  class space    used 11403K, capacity 12354K, committed 12672K, reserved 1048576K
}
Event: 7658.337 GC heap before
{Heap before GC invocations=45 (full 5):
 PSYoungGen      total 286720K, used 254576K [0x00000000eab00000, 0x00000000ffa80000, 0x0000000100000000)
  eden space 234496K, 100% used [0x00000000eab00000,0x00000000f9000000,0x00000000f9000000)
  from space 52224K, 38% used [0x00000000f9000000,0x00000000fa39c0a0,0x00000000fc300000)
  to   space 50688K, 0% used [0x00000000fc900000,0x00000000fc900000,0x00000000ffa80000)
 ParOldGen       total 199168K, used 88141K [0x00000000c0000000, 0x00000000cc280000, 0x00000000eab00000)
  object space 199168K, 44% used [0x00000000c0000000,0x00000000c5613530,0x00000000cc280000)
 Metaspace       used 92635K, capacity 97351K, committed 98136K, reserved 1134592K
  class space    used 11403K, capacity 12354K, committed 12672K, reserved 1048576K
Event: 7658.341 GC heap after
Heap after GC invocations=45 (full 5):
 PSYoungGen      total 294400K, used 2688K [0x00000000eab00000, 0x00000000ffb80000, 0x0000000100000000)
  eden space 243712K, 0% used [0x00000000eab00000,0x00000000eab00000,0x00000000f9900000)
  from space 50688K, 5% used [0x00000000fc900000,0x00000000fcba0000,0x00000000ffa80000)
  to   space 49152K, 0% used [0x00000000f9900000,0x00000000f9900000,0x00000000fc900000)
 ParOldGen       total 199168K, used 88405K [0x00000000c0000000, 0x00000000cc280000, 0x00000000eab00000)
  object space 199168K, 44% used [0x00000000c0000000,0x00000000c5655530,0x00000000cc280000)
 Metaspace       used 92635K, capacity 97351K, committed 98136K, reserved 1134592K
  class space    used 11403K, capacity 12354K, committed 12672K, reserved 1048576K
}
Event: 7660.244 GC heap before
{Heap before GC invocations=46 (full 5):
 PSYoungGen      total 294400K, used 245797K [0x00000000eab00000, 0x00000000ffb80000, 0x0000000100000000)
  eden space 243712K, 99% used [0x00000000eab00000,0x00000000f98695c8,0x00000000f9900000)
  from space 50688K, 5% used [0x00000000fc900000,0x00000000fcba0000,0x00000000ffa80000)
  to   space 49152K, 0% used [0x00000000f9900000,0x00000000f9900000,0x00000000fc900000)
 ParOldGen       total 199168K, used 88405K [0x00000000c0000000, 0x00000000cc280000, 0x00000000eab00000)
  object space 199168K, 44% used [0x00000000c0000000,0x00000000c5655530,0x00000000cc280000)
 Metaspace       used 92653K, capacity 97433K, committed 98136K, reserved 1134592K
  class space    used 11404K, capacity 12355K, committed 12672K, reserved 1048576K
Event: 7660.256 GC heap after
Heap after GC invocations=46 (full 5):
 PSYoungGen      total 292864K, used 38478K [0x00000000eab00000, 0x0000000100000000, 0x0000000100000000)
  eden space 243712K, 0% used [0x00000000eab00000,0x00000000eab00000,0x00000000f9900000)
  from space 49152K, 78% used [0x00000000f9900000,0x00000000fbe93b60,0x00000000fc900000)
  to   space 54784K, 0% used [0x00000000fca80000,0x00000000fca80000,0x0000000100000000)
 ParOldGen       total 199168K, used 88541K [0x00000000c0000000, 0x00000000cc280000, 0x00000000eab00000)
  object space 199168K, 44% used [0x00000000c0000000,0x00000000c5677530,0x00000000cc280000)
 Metaspace       used 92653K, capacity 97433K, committed 98136K, reserved 1134592K
  class space    used 11404K, capacity 12355K, committed 12672K, reserved 1048576K
}
Event: 7660.307 GC heap before
{Heap before GC invocations=47 (full 5):
 PSYoungGen      total 292864K, used 281424K [0x00000000eab00000, 0x0000000100000000, 0x0000000100000000)
  eden space 243712K, 99% used [0x00000000eab00000,0x00000000f9840890,0x00000000f9900000)
  from space 49152K, 78% used [0x00000000f9900000,0x00000000fbe93b60,0x00000000fc900000)
  to   space 54784K, 0% used [0x00000000fca80000,0x00000000fca80000,0x0000000100000000)
 ParOldGen       total 199168K, used 88541K [0x00000000c0000000, 0x00000000cc280000, 0x00000000eab00000)
  object space 199168K, 44% used [0x00000000c0000000,0x00000000c5677530,0x00000000cc280000)
 Metaspace       used 92653K, capacity 97433K, committed 98136K, reserved 1134592K
  class space    used 11404K, capacity 12355K, committed 12672K, reserved 1048576K
Event: 7660.364 GC heap after
Heap after GC invocations=47 (full 5):
 PSYoungGen      total 295424K, used 96K [0x00000000eab00000, 0x0000000100000000, 0x0000000100000000)
  eden space 240640K, 0% used [0x00000000eab00000,0x00000000eab00000,0x00000000f9600000)
  from space 54784K, 0% used [0x00000000fca80000,0x00000000fca98000,0x0000000100000000)
  to   space 53760K, 0% used [0x00000000f9600000,0x00000000f9600000,0x00000000fca80000)
 ParOldGen       total 199168K, used 108919K [0x00000000c0000000, 0x00000000cc280000, 0x00000000eab00000)
  object space 199168K, 54% used [0x00000000c0000000,0x00000000c6a5de90,0x00000000cc280000)
 Metaspace       used 92653K, capacity 97433K, committed 98136K, reserved 1134592K
  class space    used 11404K, capacity 12355K, committed 12672K, reserved 1048576K
}

